<?xml version="1.0" encoding="UTF-8" ?>
<testsuite tests="18" failures="0" name="nz.ac.auckland.concert.client.service.ConcertServiceTest" time="11.84" errors="0" skipped="0">
  <properties>
[...]
</properties>
  <testcase classname="nz.ac.auckland.concert.client.service.ConcertServiceTest" name="testMakeReservation" time="3.841"/>
  <testcase classname="nz.ac.auckland.concert.client.service.ConcertServiceTest" name="testMakeReservationWhereSeatsAreNotAvailable" time="0.194"/>
  <testcase classname="nz.ac.auckland.concert.client.service.ConcertServiceTest" name="testAuthenticateUserWithMissingPassword" time="0.128"/>
  <testcase classname="nz.ac.auckland.concert.client.service.ConcertServiceTest" name="testConfirmBookingWithExpiredReservation" time="6.105"/>
  <testcase classname="nz.ac.auckland.concert.client.service.ConcertServiceTest" name="testRegisterCreditCard" time="0.222"/>
  <testcase classname="nz.ac.auckland.concert.client.service.ConcertServiceTest" name="testMakeReservationWithBadRequest" time="0.092"/>
  <testcase classname="nz.ac.auckland.concert.client.service.ConcertServiceTest" name="testCreateUserWithMissingField" time="0.163"/>
  <testcase classname="nz.ac.auckland.concert.client.service.ConcertServiceTest" name="testConfirmReservationWithoutRegisteredCreditCard" time="0.188"/>
  <testcase classname="nz.ac.auckland.concert.client.service.ConcertServiceTest" name="testMakeReservationWithUnauthenticatedUser" time="0.068"/>
  <testcase classname="nz.ac.auckland.concert.client.service.ConcertServiceTest" name="testAuthenticateUser" time="0.122"/>
  <testcase classname="nz.ac.auckland.concert.client.service.ConcertServiceTest" name="testCreateUserWithDuplicateUsername" time="0.074"/>
  <testcase classname="nz.ac.auckland.concert.client.service.ConcertServiceTest" name="testRetrieveConcerts" time="0.204"/>
  <testcase classname="nz.ac.auckland.concert.client.service.ConcertServiceTest" name="testRetrievePerformers" time="0.097"/>
  <testcase classname="nz.ac.auckland.concert.client.service.ConcertServiceTest" name="testCreateUser" time="0.061"/>
  <testcase classname="nz.ac.auckland.concert.client.service.ConcertServiceTest" name="testAuthenticateWithNonExistentUser" time="0.052"/>
  <testcase classname="nz.ac.auckland.concert.client.service.ConcertServiceTest" name="testAuthenticateUserWithIncorrectPassword" time="0.052"/>
  <testcase classname="nz.ac.auckland.concert.client.service.ConcertServiceTest" name="testConfirmReservation" time="0.117"/>
  <testcase classname="nz.ac.auckland.concert.client.service.ConcertServiceTest" name="testRegisterCreditCardWithUnauthenticatedUser" time="0.06"/>
</testsuite>